<?xml version="1.0" encoding="UTF-8"?>
<testsuite name="springboot.web.IndexControllerTest" tests="1" skipped="0" failures="0" errors="0" timestamp="2020-04-25T19:18:56" hostname="gim-yebin-ui-MacBookPro.local" time="0.152">
  <properties/>
  <testcase name="메인페이지_로딩" classname="springboot.web.IndexControllerTest" time="0.152"/>
  <system-out><![CDATA[2020-04-26 04:18:56.860  INFO 47510 --- [    Test worker] .b.t.c.SpringBootTestContextBootstrapper : Neither @ContextConfiguration nor @ContextHierarchy found for test class [springboot.web.IndexControllerTest], using SpringBootContextLoader
2020-04-26 04:18:56.862  INFO 47510 --- [    Test worker] o.s.t.c.support.AbstractContextLoader    : Could not detect default resource locations for test class [springboot.web.IndexControllerTest]: no resource found for suffixes {-context.xml, Context.groovy}.
2020-04-26 04:18:56.862  INFO 47510 --- [    Test worker] t.c.s.AnnotationConfigContextLoaderUtils : Could not detect default configuration classes for test class [springboot.web.IndexControllerTest]: IndexControllerTest does not declare any static, non-private, non-final, nested classes annotated with @Configuration.
2020-04-26 04:18:56.863  INFO 47510 --- [    Test worker] .b.t.c.SpringBootTestContextBootstrapper : Found @SpringBootConfiguration springboot.Application for test class springboot.web.IndexControllerTest
2020-04-26 04:18:56.864  INFO 47510 --- [    Test worker] .b.t.c.SpringBootTestContextBootstrapper : Loaded default TestExecutionListener class names from location [META-INF/spring.factories]: [org.springframework.security.test.context.support.WithSecurityContextTestExecutionListener, org.springframework.security.test.context.support.ReactorContextTestExecutionListener, org.springframework.boot.test.autoconfigure.restdocs.RestDocsTestExecutionListener, org.springframework.boot.test.autoconfigure.web.client.MockRestServiceServerResetTestExecutionListener, org.springframework.boot.test.autoconfigure.web.servlet.MockMvcPrintOnlyOnFailureTestExecutionListener, org.springframework.boot.test.autoconfigure.web.servlet.WebDriverTestExecutionListener, org.springframework.boot.test.mock.mockito.MockitoTestExecutionListener, org.springframework.boot.test.mock.mockito.ResetMocksTestExecutionListener, org.springframework.test.context.web.ServletTestExecutionListener, org.springframework.test.context.support.DirtiesContextBeforeModesTestExecutionListener, org.springframework.test.context.support.DependencyInjectionTestExecutionListener, org.springframework.test.context.support.DirtiesContextTestExecutionListener, org.springframework.test.context.transaction.TransactionalTestExecutionListener, org.springframework.test.context.jdbc.SqlScriptsTestExecutionListener]
2020-04-26 04:18:56.865  INFO 47510 --- [    Test worker] .b.t.c.SpringBootTestContextBootstrapper : Using TestExecutionListeners: [org.springframework.test.context.web.ServletTestExecutionListener@2103f000, org.springframework.test.context.support.DirtiesContextBeforeModesTestExecutionListener@4fe527db, org.springframework.boot.test.mock.mockito.MockitoTestExecutionListener@5a28712b, org.springframework.boot.test.autoconfigure.SpringBootDependencyInjectionTestExecutionListener@79dfdd24, org.springframework.test.context.support.DirtiesContextTestExecutionListener@4762b1ef, org.springframework.test.context.transaction.TransactionalTestExecutionListener@215f8d27, org.springframework.test.context.jdbc.SqlScriptsTestExecutionListener@38e7010e, org.springframework.security.test.context.support.WithSecurityContextTestExecutionListener@3fd6cdcb, org.springframework.security.test.context.support.ReactorContextTestExecutionListener@6de9ee17, org.springframework.boot.test.autoconfigure.restdocs.RestDocsTestExecutionListener@30027038, org.springframework.boot.test.autoconfigure.web.client.MockRestServiceServerResetTestExecutionListener@30ede847, org.springframework.boot.test.autoconfigure.web.servlet.MockMvcPrintOnlyOnFailureTestExecutionListener@39dcc304, org.springframework.boot.test.autoconfigure.web.servlet.WebDriverTestExecutionListener@1be71b7e, org.springframework.boot.test.mock.mockito.ResetMocksTestExecutionListener@38472b8a]
2020-04-26 04:18:56.955  INFO 47510 --- [o-auto-1-exec-1] o.a.c.c.C.[Tomcat].[localhost].[/]       : Initializing Spring DispatcherServlet 'dispatcherServlet'
2020-04-26 04:18:56.956  INFO 47510 --- [o-auto-1-exec-1] o.s.web.servlet.DispatcherServlet        : Initializing Servlet 'dispatcherServlet'
2020-04-26 04:18:56.958  INFO 47510 --- [o-auto-1-exec-1] o.s.web.servlet.DispatcherServlet        : Completed initialization in 2 ms
Hibernate: select posts0_.id as id1_0_, posts0_.create_date as create_d2_0_, posts0_.modified_date as modified3_0_, posts0_.author as author4_0_, posts0_.content as content5_0_, posts0_.title as title6_0_ from posts posts0_ order by posts0_.id DESC
]]></system-out>
  <system-err><![CDATA[]]></system-err>
</testsuite>
