<?xml version="1.0" encoding="UTF-8"?>
<testsuite name="springboot.domain.posts.PostsRepositoryTest" tests="2" skipped="0" failures="0" errors="0" timestamp="2020-04-27T07:59:42" hostname="gim-yebin-ui-MacBookPro.local" time="0.023">
  <properties/>
  <testcase name="게시글_저장_불러오기" classname="springboot.domain.posts.PostsRepositoryTest" time="0.014"/>
  <testcase name="BaseTimeEntity_등록" classname="springboot.domain.posts.PostsRepositoryTest" time="0.008"/>
  <system-out><![CDATA[2020-04-27 16:59:41.805  INFO 2168 --- [    Test worker] .b.t.c.SpringBootTestContextBootstrapper : Neither @ContextConfiguration nor @ContextHierarchy found for test class [springboot.domain.posts.PostsRepositoryTest], using SpringBootContextLoader
2020-04-27 16:59:41.806  INFO 2168 --- [    Test worker] o.s.t.c.support.AbstractContextLoader    : Could not detect default resource locations for test class [springboot.domain.posts.PostsRepositoryTest]: no resource found for suffixes {-context.xml, Context.groovy}.
2020-04-27 16:59:41.806  INFO 2168 --- [    Test worker] t.c.s.AnnotationConfigContextLoaderUtils : Could not detect default configuration classes for test class [springboot.domain.posts.PostsRepositoryTest]: PostsRepositoryTest does not declare any static, non-private, non-final, nested classes annotated with @Configuration.
2020-04-27 16:59:41.812  INFO 2168 --- [    Test worker] .b.t.c.SpringBootTestContextBootstrapper : Found @SpringBootConfiguration springboot.Application for test class springboot.domain.posts.PostsRepositoryTest
2020-04-27 16:59:41.814  INFO 2168 --- [    Test worker] .b.t.c.SpringBootTestContextBootstrapper : Loaded default TestExecutionListener class names from location [META-INF/spring.factories]: [org.springframework.security.test.context.support.WithSecurityContextTestExecutionListener, org.springframework.security.test.context.support.ReactorContextTestExecutionListener, org.springframework.boot.test.autoconfigure.restdocs.RestDocsTestExecutionListener, org.springframework.boot.test.autoconfigure.web.client.MockRestServiceServerResetTestExecutionListener, org.springframework.boot.test.autoconfigure.web.servlet.MockMvcPrintOnlyOnFailureTestExecutionListener, org.springframework.boot.test.autoconfigure.web.servlet.WebDriverTestExecutionListener, org.springframework.boot.test.mock.mockito.MockitoTestExecutionListener, org.springframework.boot.test.mock.mockito.ResetMocksTestExecutionListener, org.springframework.test.context.web.ServletTestExecutionListener, org.springframework.test.context.support.DirtiesContextBeforeModesTestExecutionListener, org.springframework.test.context.support.DependencyInjectionTestExecutionListener, org.springframework.test.context.support.DirtiesContextTestExecutionListener, org.springframework.test.context.transaction.TransactionalTestExecutionListener, org.springframework.test.context.jdbc.SqlScriptsTestExecutionListener]
2020-04-27 16:59:41.815  INFO 2168 --- [    Test worker] .b.t.c.SpringBootTestContextBootstrapper : Using TestExecutionListeners: [org.springframework.test.context.web.ServletTestExecutionListener@3112033, org.springframework.test.context.support.DirtiesContextBeforeModesTestExecutionListener@3fc14239, org.springframework.boot.test.mock.mockito.MockitoTestExecutionListener@21ed506a, org.springframework.boot.test.autoconfigure.SpringBootDependencyInjectionTestExecutionListener@6f45a45b, org.springframework.test.context.support.DirtiesContextTestExecutionListener@65df0138, org.springframework.test.context.transaction.TransactionalTestExecutionListener@50ba4730, org.springframework.test.context.jdbc.SqlScriptsTestExecutionListener@1b1f234d, org.springframework.security.test.context.support.WithSecurityContextTestExecutionListener@593a2b09, org.springframework.security.test.context.support.ReactorContextTestExecutionListener@44f127d7, org.springframework.boot.test.autoconfigure.restdocs.RestDocsTestExecutionListener@46f07bbe, org.springframework.boot.test.autoconfigure.web.client.MockRestServiceServerResetTestExecutionListener@24973d66, org.springframework.boot.test.autoconfigure.web.servlet.MockMvcPrintOnlyOnFailureTestExecutionListener@2cfd389e, org.springframework.boot.test.autoconfigure.web.servlet.WebDriverTestExecutionListener@617f6d49, org.springframework.boot.test.mock.mockito.ResetMocksTestExecutionListener@2497c753]

  .   ____          _            __ _ _
 /\\ / ___'_ __ _ _(_)_ __  __ _ \ \ \ \
( ( )\___ | '_ | '_| | '_ \/ _` | \ \ \ \
 \\/  ___)| |_)| | | | | || (_| |  ) ) ) )
  '  |____| .__|_| |_|_| |_\__, | / / / /
 =========|_|==============|___/=/_/_/_/
 :: Spring Boot ::        (v2.1.7.RELEASE)

2020-04-27 16:59:41.828  INFO 2168 --- [    Test worker] s.domain.posts.PostsRepositoryTest       : Starting PostsRepositoryTest on gim-yebin-ui-MacBookPro.local with PID 2168 (started by yebin in /Users/yebin/woowa/spring-boot-practice)
2020-04-27 16:59:41.828  INFO 2168 --- [    Test worker] s.domain.posts.PostsRepositoryTest       : No active profile set, falling back to default profiles: default
2020-04-27 16:59:41.969  INFO 2168 --- [    Test worker] .s.d.r.c.RepositoryConfigurationDelegate : Bootstrapping Spring Data repositories in DEFAULT mode.
2020-04-27 16:59:41.979  INFO 2168 --- [    Test worker] .s.d.r.c.RepositoryConfigurationDelegate : Finished Spring Data repository scanning in 10ms. Found 2 repository interfaces.
2020-04-27 16:59:42.054  INFO 2168 --- [    Test worker] trationDelegate$BeanPostProcessorChecker : Bean 'org.springframework.transaction.annotation.ProxyTransactionManagementConfiguration' of type [org.springframework.transaction.annotation.ProxyTransactionManagementConfiguration$$EnhancerBySpringCGLIB$$8adb6cac] is not eligible for getting processed by all BeanPostProcessors (for example: not eligible for auto-proxying)
2020-04-27 16:59:42.117  INFO 2168 --- [    Test worker] com.zaxxer.hikari.HikariDataSource       : HikariPool-2 - Starting...
2020-04-27 16:59:42.118  INFO 2168 --- [    Test worker] com.zaxxer.hikari.HikariDataSource       : HikariPool-2 - Start completed.
2020-04-27 16:59:42.133  INFO 2168 --- [    Test worker] o.hibernate.jpa.internal.util.LogHelper  : HHH000204: Processing PersistenceUnitInfo [
	name: default
	...]
2020-04-27 16:59:42.137  INFO 2168 --- [    Test worker] org.hibernate.dialect.Dialect            : HHH000400: Using dialect: org.hibernate.dialect.MySQL5InnoDBDialect
Hibernate: drop table if exists posts
Hibernate: drop table if exists user
Hibernate: create table posts (id bigint not null auto_increment, create_date datetime, modified_date datetime, author varchar(255), content TEXT not null, title varchar(500) not null, primary key (id)) engine=InnoDB
Hibernate: create table user (id bigint not null auto_increment, create_date datetime, modified_date datetime, email varchar(255) not null, name varchar(255) not null, picture varchar(255), role varchar(255) not null, primary key (id)) engine=InnoDB
2020-04-27 16:59:42.171  INFO 2168 --- [    Test worker] o.h.t.schema.internal.SchemaCreatorImpl  : HHH000476: Executing import script 'org.hibernate.tool.schema.internal.exec.ScriptSourceInputNonExistentImpl@22818273'
2020-04-27 16:59:42.172  INFO 2168 --- [    Test worker] j.LocalContainerEntityManagerFactoryBean : Initialized JPA EntityManagerFactory for persistence unit 'default'
2020-04-27 16:59:42.299  INFO 2168 --- [    Test worker] o.h.h.i.QueryTranslatorFactoryInitiator  : HHH000397: Using ASTQueryTranslatorFactory
2020-04-27 16:59:42.401  INFO 2168 --- [    Test worker] o.s.s.web.DefaultSecurityFilterChain     : Creating filter chain: any request, [org.springframework.security.web.context.request.async.WebAsyncManagerIntegrationFilter@3f77bdbf, org.springframework.security.web.context.SecurityContextPersistenceFilter@708f30d0, org.springframework.security.web.header.HeaderWriterFilter@644d01cb, org.springframework.security.web.authentication.logout.LogoutFilter@62b04809, org.springframework.security.oauth2.client.web.OAuth2AuthorizationRequestRedirectFilter@18d7e6d7, org.springframework.security.oauth2.client.web.OAuth2LoginAuthenticationFilter@46e22445, org.springframework.security.web.authentication.ui.DefaultLoginPageGeneratingFilter@6b30fc0f, org.springframework.security.web.authentication.ui.DefaultLogoutPageGeneratingFilter@5e295636, org.springframework.security.web.savedrequest.RequestCacheAwareFilter@70fd6f1e, org.springframework.security.web.servletapi.SecurityContextHolderAwareRequestFilter@7cb27b93, org.springframework.security.web.authentication.AnonymousAuthenticationFilter@79efe27a, org.springframework.security.web.session.SessionManagementFilter@7abda517, org.springframework.security.web.access.ExceptionTranslationFilter@4e69d36c, org.springframework.security.web.access.intercept.FilterSecurityInterceptor@72a273b4]
2020-04-27 16:59:42.557  INFO 2168 --- [    Test worker] o.s.s.concurrent.ThreadPoolTaskExecutor  : Initializing ExecutorService 'applicationTaskExecutor'
2020-04-27 16:59:42.567  WARN 2168 --- [    Test worker] aWebConfiguration$JpaWebMvcConfiguration : spring.jpa.open-in-view is enabled by default. Therefore, database queries may be performed during view rendering. Explicitly configure spring.jpa.open-in-view to disable this warning
2020-04-27 16:59:42.585  INFO 2168 --- [    Test worker] o.s.b.a.w.s.WelcomePageHandlerMapping    : Adding welcome page template: index
2020-04-27 16:59:42.784  INFO 2168 --- [    Test worker] s.a.ScheduledAnnotationBeanPostProcessor : No TaskScheduler/ScheduledExecutorService bean found for scheduled processing
2020-04-27 16:59:42.785  INFO 2168 --- [    Test worker] s.domain.posts.PostsRepositoryTest       : Started PostsRepositoryTest in 0.969 seconds (JVM running for 7.897)
Hibernate: insert into posts (create_date, modified_date, author, content, title) values (?, ?, ?, ?, ?)
Hibernate: select posts0_.id as id1_0_, posts0_.create_date as create_d2_0_, posts0_.modified_date as modified3_0_, posts0_.author as author4_0_, posts0_.content as content5_0_, posts0_.title as title6_0_ from posts posts0_
Hibernate: select posts0_.id as id1_0_, posts0_.create_date as create_d2_0_, posts0_.modified_date as modified3_0_, posts0_.author as author4_0_, posts0_.content as content5_0_, posts0_.title as title6_0_ from posts posts0_
Hibernate: delete from posts where id=?
Hibernate: insert into posts (create_date, modified_date, author, content, title) values (?, ?, ?, ?, ?)
Hibernate: select posts0_.id as id1_0_, posts0_.create_date as create_d2_0_, posts0_.modified_date as modified3_0_, posts0_.author as author4_0_, posts0_.content as content5_0_, posts0_.title as title6_0_ from posts posts0_
>>>>>> createDate = 2020-04-27T16:59:42.803975
>>>>>> modifiedDate = 2020-04-27T16:59:42.803975
Hibernate: select posts0_.id as id1_0_, posts0_.create_date as create_d2_0_, posts0_.modified_date as modified3_0_, posts0_.author as author4_0_, posts0_.content as content5_0_, posts0_.title as title6_0_ from posts posts0_
Hibernate: delete from posts where id=?
]]></system-out>
  <system-err><![CDATA[]]></system-err>
</testsuite>
