<?xml version="1.0" encoding="UTF-8"?>
<testsuite name="springboot.web.PostsApiControllerTest" tests="2" skipped="0" failures="0" errors="0" timestamp="2020-04-25T19:18:56" hostname="gim-yebin-ui-MacBookPro.local" time="0.444">
  <properties/>
  <testcase name="Posts_등록" classname="springboot.web.PostsApiControllerTest" time="0.42"/>
  <testcase name="Posts_수정" classname="springboot.web.PostsApiControllerTest" time="0.023"/>
  <system-out><![CDATA[2020-04-26 04:18:52.143  INFO 47510 --- [    Test worker] .b.t.c.SpringBootTestContextBootstrapper : Neither @ContextConfiguration nor @ContextHierarchy found for test class [springboot.web.PostsApiControllerTest], using SpringBootContextLoader
2020-04-26 04:18:52.144  INFO 47510 --- [    Test worker] o.s.t.c.support.AbstractContextLoader    : Could not detect default resource locations for test class [springboot.web.PostsApiControllerTest]: no resource found for suffixes {-context.xml, Context.groovy}.
2020-04-26 04:18:52.144  INFO 47510 --- [    Test worker] t.c.s.AnnotationConfigContextLoaderUtils : Could not detect default configuration classes for test class [springboot.web.PostsApiControllerTest]: PostsApiControllerTest does not declare any static, non-private, non-final, nested classes annotated with @Configuration.
2020-04-26 04:18:52.147  INFO 47510 --- [    Test worker] .b.t.c.SpringBootTestContextBootstrapper : Found @SpringBootConfiguration springboot.Application for test class springboot.web.PostsApiControllerTest
2020-04-26 04:18:52.148  INFO 47510 --- [    Test worker] .b.t.c.SpringBootTestContextBootstrapper : Loaded default TestExecutionListener class names from location [META-INF/spring.factories]: [org.springframework.security.test.context.support.WithSecurityContextTestExecutionListener, org.springframework.security.test.context.support.ReactorContextTestExecutionListener, org.springframework.boot.test.autoconfigure.restdocs.RestDocsTestExecutionListener, org.springframework.boot.test.autoconfigure.web.client.MockRestServiceServerResetTestExecutionListener, org.springframework.boot.test.autoconfigure.web.servlet.MockMvcPrintOnlyOnFailureTestExecutionListener, org.springframework.boot.test.autoconfigure.web.servlet.WebDriverTestExecutionListener, org.springframework.boot.test.mock.mockito.MockitoTestExecutionListener, org.springframework.boot.test.mock.mockito.ResetMocksTestExecutionListener, org.springframework.test.context.web.ServletTestExecutionListener, org.springframework.test.context.support.DirtiesContextBeforeModesTestExecutionListener, org.springframework.test.context.support.DependencyInjectionTestExecutionListener, org.springframework.test.context.support.DirtiesContextTestExecutionListener, org.springframework.test.context.transaction.TransactionalTestExecutionListener, org.springframework.test.context.jdbc.SqlScriptsTestExecutionListener]
2020-04-26 04:18:52.149  INFO 47510 --- [    Test worker] .b.t.c.SpringBootTestContextBootstrapper : Using TestExecutionListeners: [org.springframework.test.context.web.ServletTestExecutionListener@1c492cf4, org.springframework.test.context.support.DirtiesContextBeforeModesTestExecutionListener@5ae86677, org.springframework.boot.test.mock.mockito.MockitoTestExecutionListener@8a519f7, org.springframework.boot.test.autoconfigure.SpringBootDependencyInjectionTestExecutionListener@458e2fcd, org.springframework.test.context.support.DirtiesContextTestExecutionListener@10759504, org.springframework.test.context.transaction.TransactionalTestExecutionListener@9b792a3, org.springframework.test.context.jdbc.SqlScriptsTestExecutionListener@29fd58c3, org.springframework.security.test.context.support.WithSecurityContextTestExecutionListener@1db9ea76, org.springframework.security.test.context.support.ReactorContextTestExecutionListener@21d89170, org.springframework.boot.test.autoconfigure.restdocs.RestDocsTestExecutionListener@144f3d62, org.springframework.boot.test.autoconfigure.web.client.MockRestServiceServerResetTestExecutionListener@57b75468, org.springframework.boot.test.autoconfigure.web.servlet.MockMvcPrintOnlyOnFailureTestExecutionListener@50feeb2, org.springframework.boot.test.autoconfigure.web.servlet.WebDriverTestExecutionListener@60b9ac72, org.springframework.boot.test.mock.mockito.ResetMocksTestExecutionListener@df0392a]

  .   ____          _            __ _ _
 /\\ / ___'_ __ _ _(_)_ __  __ _ \ \ \ \
( ( )\___ | '_ | '_| | '_ \/ _` | \ \ \ \
 \\/  ___)| |_)| | | | | || (_| |  ) ) ) )
  '  |____| .__|_| |_|_| |_\__, | / / / /
 =========|_|==============|___/=/_/_/_/
 :: Spring Boot ::        (v2.1.7.RELEASE)

2020-04-26 04:18:52.177  INFO 47510 --- [    Test worker] springboot.web.PostsApiControllerTest    : Starting PostsApiControllerTest on gim-yebin-ui-MacBookPro.local with PID 47510 (started by yebin in /Users/yebin/woowa/spring-boot-practice)
2020-04-26 04:18:52.178  INFO 47510 --- [    Test worker] springboot.web.PostsApiControllerTest    : No active profile set, falling back to default profiles: default
2020-04-26 04:18:52.468  INFO 47510 --- [    Test worker] .s.d.r.c.RepositoryConfigurationDelegate : Bootstrapping Spring Data repositories in DEFAULT mode.
2020-04-26 04:18:52.527  INFO 47510 --- [    Test worker] .s.d.r.c.RepositoryConfigurationDelegate : Finished Spring Data repository scanning in 51ms. Found 2 repository interfaces.
2020-04-26 04:18:52.759  INFO 47510 --- [    Test worker] trationDelegate$BeanPostProcessorChecker : Bean 'org.springframework.transaction.annotation.ProxyTransactionManagementConfiguration' of type [org.springframework.transaction.annotation.ProxyTransactionManagementConfiguration$$EnhancerBySpringCGLIB$$274e75d2] is not eligible for getting processed by all BeanPostProcessors (for example: not eligible for auto-proxying)
2020-04-26 04:18:53.058  INFO 47510 --- [    Test worker] o.s.b.w.embedded.tomcat.TomcatWebServer  : Tomcat initialized with port(s): 0 (http)
2020-04-26 04:18:53.086  INFO 47510 --- [    Test worker] o.apache.catalina.core.StandardService   : Starting service [Tomcat]
2020-04-26 04:18:53.087  INFO 47510 --- [    Test worker] org.apache.catalina.core.StandardEngine  : Starting Servlet engine: [Apache Tomcat/9.0.22]
2020-04-26 04:18:53.216  INFO 47510 --- [    Test worker] o.a.c.c.C.[Tomcat].[localhost].[/]       : Initializing Spring embedded WebApplicationContext
2020-04-26 04:18:53.216  INFO 47510 --- [    Test worker] o.s.web.context.ContextLoader            : Root WebApplicationContext: initialization completed in 1037 ms
2020-04-26 04:18:53.435  INFO 47510 --- [    Test worker] com.zaxxer.hikari.HikariDataSource       : HikariPool-1 - Starting...
2020-04-26 04:18:53.629  INFO 47510 --- [    Test worker] com.zaxxer.hikari.HikariDataSource       : HikariPool-1 - Start completed.
2020-04-26 04:18:53.719  INFO 47510 --- [    Test worker] o.hibernate.jpa.internal.util.LogHelper  : HHH000204: Processing PersistenceUnitInfo [
	name: default
	...]
2020-04-26 04:18:53.799  INFO 47510 --- [    Test worker] org.hibernate.Version                    : HHH000412: Hibernate Core {5.3.10.Final}
2020-04-26 04:18:53.800  INFO 47510 --- [    Test worker] org.hibernate.cfg.Environment            : HHH000206: hibernate.properties not found
2020-04-26 04:18:53.987  INFO 47510 --- [    Test worker] o.hibernate.annotations.common.Version   : HCANN000001: Hibernate Commons Annotations {5.0.4.Final}
2020-04-26 04:18:54.137  INFO 47510 --- [    Test worker] org.hibernate.dialect.Dialect            : HHH000400: Using dialect: org.hibernate.dialect.MySQL5InnoDBDialect
Hibernate: drop table if exists posts
Hibernate: drop table if exists user
Hibernate: create table posts (id bigint not null auto_increment, create_date datetime, modified_date datetime, author varchar(255), content TEXT not null, title varchar(500) not null, primary key (id)) engine=InnoDB
Hibernate: create table user (id bigint not null auto_increment, create_date datetime, modified_date datetime, email varchar(255) not null, name varchar(255) not null, picture varchar(255), role varchar(255) not null, primary key (id)) engine=InnoDB
2020-04-26 04:18:54.813  INFO 47510 --- [    Test worker] o.h.t.schema.internal.SchemaCreatorImpl  : HHH000476: Executing import script 'org.hibernate.tool.schema.internal.exec.ScriptSourceInputNonExistentImpl@4956216'
2020-04-26 04:18:54.817  INFO 47510 --- [    Test worker] j.LocalContainerEntityManagerFactoryBean : Initialized JPA EntityManagerFactory for persistence unit 'default'
2020-04-26 04:18:55.396  INFO 47510 --- [    Test worker] o.h.h.i.QueryTranslatorFactoryInitiator  : HHH000397: Using ASTQueryTranslatorFactory
2020-04-26 04:18:55.757  INFO 47510 --- [    Test worker] o.s.s.web.DefaultSecurityFilterChain     : Creating filter chain: any request, [org.springframework.security.web.context.request.async.WebAsyncManagerIntegrationFilter@397a8ee1, org.springframework.security.web.context.SecurityContextPersistenceFilter@7ecdfff8, org.springframework.security.web.header.HeaderWriterFilter@5e112290, org.springframework.security.web.authentication.logout.LogoutFilter@6640d590, org.springframework.security.oauth2.client.web.OAuth2AuthorizationRequestRedirectFilter@65f2748d, org.springframework.security.oauth2.client.web.OAuth2LoginAuthenticationFilter@2d5c73f9, org.springframework.security.web.authentication.ui.DefaultLoginPageGeneratingFilter@64d4b958, org.springframework.security.web.authentication.ui.DefaultLogoutPageGeneratingFilter@5076d6c, org.springframework.security.web.savedrequest.RequestCacheAwareFilter@3a5cd2f0, org.springframework.security.web.servletapi.SecurityContextHolderAwareRequestFilter@56ebce77, org.springframework.security.web.authentication.AnonymousAuthenticationFilter@3acfe39f, org.springframework.security.web.session.SessionManagementFilter@e9011a5, org.springframework.security.web.access.ExceptionTranslationFilter@2ee76146, org.springframework.security.web.access.intercept.FilterSecurityInterceptor@3c733fb0]
2020-04-26 04:18:56.020  INFO 47510 --- [    Test worker] o.s.s.concurrent.ThreadPoolTaskExecutor  : Initializing ExecutorService 'applicationTaskExecutor'
2020-04-26 04:18:56.072  WARN 47510 --- [    Test worker] aWebConfiguration$JpaWebMvcConfiguration : spring.jpa.open-in-view is enabled by default. Therefore, database queries may be performed during view rendering. Explicitly configure spring.jpa.open-in-view to disable this warning
2020-04-26 04:18:56.118  INFO 47510 --- [    Test worker] o.s.b.a.w.s.WelcomePageHandlerMapping    : Adding welcome page template: index
2020-04-26 04:18:56.373  INFO 47510 --- [    Test worker] s.a.ScheduledAnnotationBeanPostProcessor : No TaskScheduler/ScheduledExecutorService bean found for scheduled processing
2020-04-26 04:18:56.397  INFO 47510 --- [    Test worker] o.s.b.w.embedded.tomcat.TomcatWebServer  : Tomcat started on port(s): 57364 (http) with context path ''
2020-04-26 04:18:56.400  INFO 47510 --- [    Test worker] springboot.web.PostsApiControllerTest    : Started PostsApiControllerTest in 4.248 seconds (JVM running for 7.402)
2020-04-26 04:18:56.510  INFO 47510 --- [    Test worker] o.a.c.c.C.[Tomcat].[localhost].[/]       : Initializing Spring TestDispatcherServlet ''
2020-04-26 04:18:56.510  INFO 47510 --- [    Test worker] o.s.t.web.servlet.TestDispatcherServlet  : Initializing Servlet ''
2020-04-26 04:18:56.522  INFO 47510 --- [    Test worker] o.s.t.web.servlet.TestDispatcherServlet  : Completed initialization in 12 ms
Hibernate: insert into posts (create_date, modified_date, author, content, title) values (?, ?, ?, ?, ?)
Hibernate: select posts0_.id as id1_0_, posts0_.create_date as create_d2_0_, posts0_.modified_date as modified3_0_, posts0_.author as author4_0_, posts0_.content as content5_0_, posts0_.title as title6_0_ from posts posts0_
Hibernate: select posts0_.id as id1_0_, posts0_.create_date as create_d2_0_, posts0_.modified_date as modified3_0_, posts0_.author as author4_0_, posts0_.content as content5_0_, posts0_.title as title6_0_ from posts posts0_
Hibernate: delete from posts where id=?
2020-04-26 04:18:56.831  INFO 47510 --- [    Test worker] o.a.c.c.C.[Tomcat].[localhost].[/]       : Initializing Spring TestDispatcherServlet ''
2020-04-26 04:18:56.831  INFO 47510 --- [    Test worker] o.s.t.web.servlet.TestDispatcherServlet  : Initializing Servlet ''
2020-04-26 04:18:56.833  INFO 47510 --- [    Test worker] o.s.t.web.servlet.TestDispatcherServlet  : Completed initialization in 2 ms
Hibernate: insert into posts (create_date, modified_date, author, content, title) values (?, ?, ?, ?, ?)
Hibernate: select posts0_.id as id1_0_0_, posts0_.create_date as create_d2_0_0_, posts0_.modified_date as modified3_0_0_, posts0_.author as author4_0_0_, posts0_.content as content5_0_0_, posts0_.title as title6_0_0_ from posts posts0_ where posts0_.id=?
Hibernate: update posts set create_date=?, modified_date=?, author=?, content=?, title=? where id=?
Hibernate: select posts0_.id as id1_0_, posts0_.create_date as create_d2_0_, posts0_.modified_date as modified3_0_, posts0_.author as author4_0_, posts0_.content as content5_0_, posts0_.title as title6_0_ from posts posts0_
Hibernate: select posts0_.id as id1_0_, posts0_.create_date as create_d2_0_, posts0_.modified_date as modified3_0_, posts0_.author as author4_0_, posts0_.content as content5_0_, posts0_.title as title6_0_ from posts posts0_
Hibernate: delete from posts where id=?
]]></system-out>
  <system-err><![CDATA[]]></system-err>
</testsuite>
